#
# There is insufficient memory for the Java Runtime Environment to continue.
# Native memory allocation (malloc) failed to allocate 1338176 bytes for Chunk::new
# Possible reasons:
#   The system is out of physical RAM or swap space
#   In 32 bit mode, the process size limit was hit
# Possible solutions:
#   Reduce memory load on the system
#   Increase physical memory or swap space
#   Check if swap backing store is full
#   Use 64 bit Java on a 64 bit OS
#   Decrease Java heap size (-Xmx/-Xms)
#   Decrease number of Java threads
#   Decrease Java thread stack sizes (-Xss)
#   Set larger code cache with -XX:ReservedCodeCacheSize=
# This output file may be truncated or incomplete.
#
#  Out of Memory Error (allocation.cpp:328), pid=6528, tid=9824
#
# JRE version: 7.0_09-b05
# Java VM: Java HotSpot(TM) 64-Bit Server VM (23.5-b02 mixed mode windows-amd64 compressed oops)
# Failed to write core dump. Minidumps are not enabled by default on client versions of Windows
#

---------------  T H R E A D  ---------------

Current thread (0x000000000b869000):  JavaThread "C2 CompilerThread0" daemon [_thread_in_native, id=9824, stack(0x000000000da50000,0x000000000db50000)]

Stack: [0x000000000da50000,0x000000000db50000]

Current CompileTask:
C2:   3530  613             org.apache.maven.model.inheritance.DefaultInheritanceAssembler$InheritanceModelMerger::mergePluginContainer_Plugins (430 bytes)


---------------  P R O C E S S  ---------------

Java Threads: ( => current thread )
  0x000000000f045800 JavaThread "Thread-2" [_thread_in_native, id=9688, stack(0x00000000128c0000,0x00000000129c0000)]
  0x000000000ee93800 JavaThread "Thread-1" [_thread_in_native, id=5388, stack(0x00000000127c0000,0x00000000128c0000)]
  0x000000000f3f5800 JavaThread "ThreadedStreamConsumer" [_thread_blocked, id=6360, stack(0x0000000012620000,0x0000000012720000)]
  0x000000000fa63000 JavaThread "resolver-4" daemon [_thread_blocked, id=11188, stack(0x0000000012420000,0x0000000012520000)]
  0x000000000eaa6800 JavaThread "resolver-3" daemon [_thread_blocked, id=6532, stack(0x0000000012320000,0x0000000012420000)]
  0x000000000f121800 JavaThread "resolver-2" daemon [_thread_blocked, id=9480, stack(0x00000000111d0000,0x00000000112d0000)]
  0x0000000010798000 JavaThread "resolver-1" daemon [_thread_blocked, id=10388, stack(0x00000000110d0000,0x00000000111d0000)]
  0x000000000b86f800 JavaThread "Service Thread" daemon [_thread_blocked, id=9780, stack(0x000000000dc50000,0x000000000dd50000)]
  0x000000000b86b000 JavaThread "C2 CompilerThread1" daemon [_thread_blocked, id=3156, stack(0x000000000db50000,0x000000000dc50000)]
=>0x000000000b869000 JavaThread "C2 CompilerThread0" daemon [_thread_in_native, id=9824, stack(0x000000000da50000,0x000000000db50000)]
  0x000000000b868000 JavaThread "Attach Listener" daemon [_thread_blocked, id=10564, stack(0x000000000d950000,0x000000000da50000)]
  0x000000000b863000 JavaThread "Signal Dispatcher" daemon [_thread_blocked, id=10144, stack(0x000000000d850000,0x000000000d950000)]
  0x000000000b7f7800 JavaThread "Finalizer" daemon [_thread_blocked, id=3432, stack(0x000000000d750000,0x000000000d850000)]
  0x000000000b7f6800 JavaThread "Reference Handler" daemon [_thread_blocked, id=9388, stack(0x000000000d650000,0x000000000d750000)]
  0x000000000227e000 JavaThread "main" [_thread_in_native, id=10588, stack(0x00000000022b0000,0x00000000023b0000)]

Other Threads:
  0x000000000b7f1000 VMThread [stack: 0x000000000d550000,0x000000000d650000] [id=9460]
  0x000000000b888000 WatcherThread [stack: 0x000000000dd50000,0x000000000de50000] [id=9012]

VM state:not at safepoint (normal execution)

VM Mutex/Monitor currently owned by a thread: None

Heap
 PSYoungGen      total 76160K, used 12095K [0x00000007d5cb0000, 0x00000007db310000, 0x0000000800000000)
  eden space 64896K, 8% used [0x00000007d5cb0000,0x00000007d61dca08,0x00000007d9c10000)
  from space 11264K, 60% used [0x00000007da810000,0x00000007daeb32b0,0x00000007db310000)
  to   space 11776K, 0% used [0x00000007d9c10000,0x00000007d9c10000,0x00000007da790000)
 ParOldGen       total 86400K, used 12010K [0x0000000781600000, 0x0000000786a60000, 0x00000007d5cb0000)
  object space 86400K, 13% used [0x0000000781600000,0x00000007821babe0,0x0000000786a60000)
 PSPermGen       total 21248K, used 18586K [0x000000077c400000, 0x000000077d8c0000, 0x0000000781600000)
  object space 21248K, 87% used [0x000000077c400000,0x000000077d626bf8,0x000000077d8c0000)

Card table byte_map: [0x0000000005570000,0x0000000005990000] byte_map_base: 0x000000000198e000

Polling page: 0x0000000000870000

Code Cache  [0x00000000024b0000, 0x0000000002720000, 0x00000000054b0000)
 total_blobs=916 nmethods=613 adapters=253 free_code_cache=46920Kb largest_free_block=48008128

Compilation events (10 events):
Event: 3.458 Thread 0x000000000b86b000  617             java.util.ArrayList::addAll (54 bytes)
Event: 3.461 Thread 0x000000000b86b000 nmethod 617 0x00000000026bbe10 code [0x00000000026bbf80, 0x00000000026bc3c8]
Event: 3.461 Thread 0x000000000b86b000  618             java.util.HashMap::putAll (133 bytes)
Event: 3.486 Thread 0x000000000b86b000 nmethod 618 0x00000000026e1e10 code [0x00000000026e2160, 0x00000000026e3758]
Event: 3.486 Thread 0x000000000b86b000  619             org.apache.maven.model.io.xpp3.MavenXpp3ReaderEx::checkFieldWithDuplicate (75 bytes)
Event: 3.490 Thread 0x000000000b86b000 nmethod 619 0x00000000026bafd0 code [0x00000000026bb160, 0x00000000026bb768]
Event: 3.490 Thread 0x000000000b86b000  620             org.apache.maven.model.Plugin::getArtifactId (5 bytes)
Event: 3.490 Thread 0x000000000b86b000 nmethod 620 0x00000000026bad10 code [0x00000000026bae40, 0x00000000026baeb8]
Event: 3.490 Thread 0x000000000b86b000  621             sun.security.provider.SHA::implCompress (491 bytes)
Event: 3.502 Thread 0x000000000b86b000 nmethod 621 0x00000000026e1010 code [0x00000000026e1160, 0x00000000026e1bc8]

GC Heap History (10 events):
Event: 1.306 GC heap before
{Heap before GC invocations=2 (full 0):
 PSYoungGen      total 37824K, used 37453K [0x00000007d5cb0000, 0x00000007d86e0000, 0x0000000800000000)
  eden space 32448K, 100% used [0x00000007d5cb0000,0x00000007d7c60000,0x00000007d7c60000)
  from space 5376K, 93% used [0x00000007d7c60000,0x00000007d8143440,0x00000007d81a0000)
  to   space 5376K, 0% used [0x00000007d81a0000,0x00000007d81a0000,0x00000007d86e0000)
 ParOldGen       total 86400K, used 8K [0x0000000781600000, 0x0000000786a60000, 0x00000007d5cb0000)
  object space 86400K, 0% used [0x0000000781600000,0x0000000781602000,0x0000000786a60000)
 PSPermGen       total 21248K, used 12459K [0x000000077c400000, 0x000000077d8c0000, 0x0000000781600000)
  object space 21248K, 58% used [0x000000077c400000,0x000000077d02adc0,0x000000077d8c0000)
Event: 1.312 GC heap after
Heap after GC invocations=2 (full 0):
 PSYoungGen      total 37824K, used 5372K [0x00000007d5cb0000, 0x00000007d86e0000, 0x0000000800000000)
  eden space 32448K, 0% used [0x00000007d5cb0000,0x00000007d5cb0000,0x00000007d7c60000)
  from space 5376K, 99% used [0x00000007d81a0000,0x00000007d86df338,0x00000007d86e0000)
  to   space 5376K, 0% used [0x00000007d7c60000,0x00000007d7c60000,0x00000007d81a0000)
 ParOldGen       total 86400K, used 1496K [0x0000000781600000, 0x0000000786a60000, 0x00000007d5cb0000)
  object space 86400K, 1% used [0x0000000781600000,0x00000007817763f0,0x0000000786a60000)
 PSPermGen       total 21248K, used 12459K [0x000000077c400000, 0x000000077d8c0000, 0x0000000781600000)
  object space 21248K, 58% used [0x000000077c400000,0x000000077d02adc0,0x000000077d8c0000)
}
Event: 1.788 GC heap before
{Heap before GC invocations=3 (full 0):
 PSYoungGen      total 37824K, used 37820K [0x00000007d5cb0000, 0x00000007d86e0000, 0x0000000800000000)
  eden space 32448K, 100% used [0x00000007d5cb0000,0x00000007d7c60000,0x00000007d7c60000)
  from space 5376K, 99% used [0x00000007d81a0000,0x00000007d86df338,0x00000007d86e0000)
  to   space 5376K, 0% used [0x00000007d7c60000,0x00000007d7c60000,0x00000007d81a0000)
 ParOldGen       total 86400K, used 1496K [0x0000000781600000, 0x0000000786a60000, 0x00000007d5cb0000)
  object space 86400K, 1% used [0x0000000781600000,0x00000007817763f0,0x0000000786a60000)
 PSPermGen       total 21248K, used 13022K [0x000000077c400000, 0x000000077d8c0000, 0x0000000781600000)
  object space 21248K, 61% used [0x000000077c400000,0x000000077d0b7970,0x000000077d8c0000)
Event: 1.793 GC heap after
Heap after GC invocations=3 (full 0):
 PSYoungGen      total 37824K, used 5375K [0x00000007d5cb0000, 0x00000007d86e0000, 0x0000000800000000)
  eden space 32448K, 0% used [0x00000007d5cb0000,0x00000007d5cb0000,0x00000007d7c60000)
  from space 5376K, 99% used [0x00000007d7c60000,0x00000007d819fd18,0x00000007d81a0000)
  to   space 5376K, 0% used [0x00000007d81a0000,0x00000007d81a0000,0x00000007d86e0000)
 ParOldGen       total 86400K, used 2006K [0x0000000781600000, 0x0000000786a60000, 0x00000007d5cb0000)
  object space 86400K, 2% used [0x0000000781600000,0x00000007817f5838,0x0000000786a60000)
 PSPermGen       total 21248K, used 13022K [0x000000077c400000, 0x000000077d8c0000, 0x0000000781600000)
  object space 21248K, 61% used [0x000000077c400000,0x000000077d0b7970,0x000000077d8c0000)
}
Event: 2.216 GC heap before
{Heap before GC invocations=4 (full 0):
 PSYoungGen      total 37824K, used 37823K [0x00000007d5cb0000, 0x00000007d86e0000, 0x0000000800000000)
  eden space 32448K, 100% used [0x00000007d5cb0000,0x00000007d7c60000,0x00000007d7c60000)
  from space 5376K, 99% used [0x00000007d7c60000,0x00000007d819fd18,0x00000007d81a0000)
  to   space 5376K, 0% used [0x00000007d81a0000,0x00000007d81a0000,0x00000007d86e0000)
 ParOldGen       total 86400K, used 2006K [0x0000000781600000, 0x0000000786a60000, 0x00000007d5cb0000)
  object space 86400K, 2% used [0x0000000781600000,0x00000007817f5838,0x0000000786a60000)
 PSPermGen       total 21248K, used 14892K [0x000000077c400000, 0x000000077d8c0000, 0x0000000781600000)
  object space 21248K, 70% used [0x000000077c400000,0x000000077d28b3b0,0x000000077d8c0000)
Event: 2.222 GC heap after
Heap after GC invocations=4 (full 0):
 PSYoungGen      total 37824K, used 5344K [0x00000007d5cb0000, 0x00000007da690000, 0x0000000800000000)
  eden space 32448K, 0% used [0x00000007d5cb0000,0x00000007d5cb0000,0x00000007d7c60000)
  from space 5376K, 99% used [0x00000007d81a0000,0x00000007d86d8020,0x00000007d86e0000)
  to   space 5376K, 0% used [0x00000007d7c60000,0x00000007d7c60000,0x00000007d81a0000)
 ParOldGen       total 86400K, used 4226K [0x0000000781600000, 0x0000000786a60000, 0x00000007d5cb0000)
  object space 86400K, 4% used [0x0000000781600000,0x0000000781a20910,0x0000000786a60000)
 PSPermGen       total 21248K, used 14892K [0x000000077c400000, 0x000000077d8c0000, 0x0000000781600000)
  object space 21248K, 70% used [0x000000077c400000,0x000000077d28b3b0,0x000000077d8c0000)
}
Event: 2.890 GC heap before
{Heap before GC invocations=5 (full 0):
 PSYoungGen      total 37824K, used 37792K [0x00000007d5cb0000, 0x00000007da690000, 0x0000000800000000)
  eden space 32448K, 100% used [0x00000007d5cb0000,0x00000007d7c60000,0x00000007d7c60000)
  from space 5376K, 99% used [0x00000007d81a0000,0x00000007d86d8020,0x00000007d86e0000)
  to   space 5376K, 0% used [0x00000007d7c60000,0x00000007d7c60000,0x00000007d81a0000)
 ParOldGen       total 86400K, used 4226K [0x0000000781600000, 0x0000000786a60000, 0x00000007d5cb0000)
  object space 86400K, 4% used [0x0000000781600000,0x0000000781a20910,0x0000000786a60000)
 PSPermGen       total 21248K, used 17523K [0x000000077c400000, 0x000000077d8c0000, 0x0000000781600000)
  object space 21248K, 82% used [0x000000077c400000,0x000000077d51cca0,0x000000077d8c0000)
Event: 2.898 GC heap after
Heap after GC invocations=5 (full 0):
 PSYoungGen      total 37824K, used 5362K [0x00000007d5cb0000, 0x00000007db410000, 0x0000000800000000)
  eden space 32448K, 0% used [0x00000007d5cb0000,0x00000007d5cb0000,0x00000007d7c60000)
  from space 5376K, 99% used [0x00000007d7c60000,0x00000007d819cb58,0x00000007d81a0000)
  to   space 12288K, 0% used [0x00000007da810000,0x00000007da810000,0x00000007db410000)
 ParOldGen       total 86400K, used 12002K [0x0000000781600000, 0x0000000786a60000, 0x00000007d5cb0000)
  object space 86400K, 13% used [0x0000000781600000,0x00000007821b8be0,0x0000000786a60000)
 PSPermGen       total 21248K, used 17523K [0x000000077c400000, 0x000000077d8c0000, 0x0000000781600000)
  object space 21248K, 82% used [0x000000077c400000,0x000000077d51cca0,0x000000077d8c0000)
}
Event: 3.432 GC heap before
{Heap before GC invocations=6 (full 0):
 PSYoungGen      total 37824K, used 37810K [0x00000007d5cb0000, 0x00000007db410000, 0x0000000800000000)
  eden space 32448K, 100% used [0x00000007d5cb0000,0x00000007d7c60000,0x00000007d7c60000)
  from space 5376K, 99% used [0x00000007d7c60000,0x00000007d819cb58,0x00000007d81a0000)
  to   space 12288K, 0% used [0x00000007da810000,0x00000007da810000,0x00000007db410000)
 ParOldGen       total 86400K, used 12002K [0x0000000781600000, 0x0000000786a60000, 0x00000007d5cb0000)
  object space 86400K, 13% used [0x0000000781600000,0x00000007821b8be0,0x0000000786a60000)
 PSPermGen       total 21248K, used 18023K [0x000000077c400000, 0x000000077d8c0000, 0x0000000781600000)
  object space 21248K, 84% used [0x000000077c400000,0x000000077d599d40,0x000000077d8c0000)
Event: 3.439 GC heap after
Heap after GC invocations=6 (full 0):
 PSYoungGen      total 76160K, used 6796K [0x00000007d5cb0000, 0x00000007db310000, 0x0000000800000000)
  eden space 64896K, 0% used [0x00000007d5cb0000,0x00000007d5cb0000,0x00000007d9c10000)
  from space 11264K, 60% used [0x00000007da810000,0x00000007daeb32b0,0x00000007db310000)
  to   space 11776K, 0% used [0x00000007d9c10000,0x00000007d9c10000,0x00000007da790000)
 ParOldGen       total 86400K, used 12010K [0x0000000781600000, 0x0000000786a60000, 0x00000007d5cb0000)
  object space 86400K, 13% used [0x0000000781600000,0x00000007821babe0,0x0000000786a60000)
 PSPermGen       total 21248K, used 18023K [0x000000077c400000, 0x000000077d8c0000, 0x0000000781600000)
  object space 21248K, 84% used [0x000000077c400000,0x000000077d599d40,0x000000077d8c0000)
}

Deoptimization events (10 events):
Event: 3.125 Thread 0x000000000227e000 Uncommon trap -58 fr.pc 0x0000000002556378
Event: 3.378 Thread 0x000000000227e000 Uncommon trap -58 fr.pc 0x000000000255ec18
Event: 3.381 Thread 0x000000000227e000 Uncommon trap -83 fr.pc 0x00000000025e6f94
Event: 3.392 Thread 0x000000000227e000 Uncommon trap -83 fr.pc 0x00000000025d771c
Event: 3.410 Thread 0x000000000227e000 Uncommon trap -58 fr.pc 0x000000000255ec18
Event: 3.449 Thread 0x000000000227e000 Uncommon trap -34 fr.pc 0x00000000025be0f0
Event: 3.450 Thread 0x000000000227e000 Uncommon trap -34 fr.pc 0x00000000025be0f0
Event: 3.453 Thread 0x000000000227e000 Uncommon trap -34 fr.pc 0x00000000025bf1d4
Event: 3.493 Thread 0x000000000227e000 Uncommon trap -34 fr.pc 0x00000000025cda80
Event: 3.493 Thread 0x000000000227e000 Uncommon trap -58 fr.pc 0x000000000255ec18

Internal exceptions (10 events):
Event: 3.489 Thread 0x000000000227e000 Threw 0x00000007d6039240 at C:\jdk7u1_64p\jdk7u9\hotspot\src\share\vm\prims\jvm.cpp:1166
Event: 3.490 Thread 0x000000000227e000 Threw 0x00000007d603ec78 at C:\jdk7u1_64p\jdk7u9\hotspot\src\share\vm\prims\jvm.cpp:1166
Event: 3.490 Thread 0x000000000227e000 Threw 0x00000007d603f4c8 at C:\jdk7u1_64p\jdk7u9\hotspot\src\share\vm\prims\jvm.cpp:1166
Event: 3.490 Thread 0x000000000227e000 Threw 0x00000007d6043f30 at C:\jdk7u1_64p\jdk7u9\hotspot\src\share\vm\prims\jvm.cpp:1166
Event: 3.490 Thread 0x000000000227e000 Threw 0x00000007d6044838 at C:\jdk7u1_64p\jdk7u9\hotspot\src\share\vm\prims\jvm.cpp:1166
Event: 3.490 Thread 0x000000000227e000 Threw 0x00000007d6048ca0 at C:\jdk7u1_64p\jdk7u9\hotspot\src\share\vm\prims\jvm.cpp:1166
Event: 3.491 Thread 0x000000000227e000 Threw 0x00000007d6054460 at C:\jdk7u1_64p\jdk7u9\hotspot\src\share\vm\prims\jvm.cpp:1166
Event: 3.494 Thread 0x000000000227e000 Threw 0x00000007d606ca00 at C:\jdk7u1_64p\jdk7u9\hotspot\src\share\vm\prims\jvm.cpp:1166
Event: 3.494 Thread 0x000000000227e000 Threw 0x00000007d6070eb0 at C:\jdk7u1_64p\jdk7u9\hotspot\src\share\vm\prims\jvm.cpp:1166
Event: 3.495 Thread 0x000000000227e000 Threw 0x00000007d6079e80 at C:\jdk7u1_64p\jdk7u9\hotspot\src\share\vm\prims\jvm.cpp:1166

Events (10 events):
Event: 3.494 loading class 0x00000000109bd4e0
Event: 3.494 loading class 0x00000000109bd4e0 done
Event: 3.495 Thread 0x000000000ee93800 Thread added: 0x000000000ee93800
Event: 3.495 Thread 0x000000000f045800 Thread added: 0x000000000f045800
Event: 3.495 loading class 0x00000000109bd990
Event: 3.495 loading class 0x00000000109bd990 done
Event: 3.495 loading class 0x00000000109bd990
Event: 3.495 loading class 0x00000000109bd990 done
Event: 3.495 loading class 0x00000000024adf60
Event: 3.495 loading class 0x00000000024adf60 done


Dynamic libraries:
0x000007f67f500000 - 0x000007f67f533000 	C:\Program Files\Java\jdk1.7.0_09\bin\java.exe
0x000007ff37390000 - 0x000007ff3754e000 	C:\Windows\SYSTEM32\ntdll.dll
0x000007ff35f10000 - 0x000007ff36046000 	C:\Windows\system32\KERNEL32.DLL
0x000007ff34390000 - 0x000007ff34483000 	C:\Windows\system32\KERNELBASE.dll
0x000007ff35780000 - 0x000007ff3585e000 	C:\Windows\system32\ADVAPI32.dll
0x000007ff35ca0000 - 0x000007ff35dec000 	C:\Windows\system32\USER32.dll
0x000007ff31ee0000 - 0x000007ff32149000 	C:\Windows\WinSxS\amd64_microsoft.windows.common-controls_6595b64144ccf1df_6.0.9200.16384_none_418c2a697189c07f\COMCTL32.dll
0x000007ff35bf0000 - 0x000007ff35c95000 	C:\Windows\system32\msvcrt.dll
0x000007ff35df0000 - 0x000007ff35e38000 	C:\Windows\SYSTEM32\sechost.dll
0x000007ff349a0000 - 0x000007ff34ae0000 	C:\Windows\system32\RPCRT4.dll
0x000007ff35420000 - 0x000007ff35560000 	C:\Windows\system32\GDI32.dll
0x000007ff34d10000 - 0x000007ff34d49000 	C:\Windows\system32\IMM32.DLL
0x000007ff35300000 - 0x000007ff35414000 	C:\Windows\system32\MSCTF.dll
0x0000000060b30000 - 0x0000000060c01000 	C:\Program Files\Java\jdk1.7.0_09\jre\bin\msvcr100.dll
0x0000000060e40000 - 0x000000006155f000 	C:\Program Files\Java\jdk1.7.0_09\jre\bin\server\jvm.dll
0x000007ff2cd90000 - 0x000007ff2cd99000 	C:\Windows\SYSTEM32\WSOCK32.dll
0x000007ff2fea0000 - 0x000007ff2fec0000 	C:\Windows\SYSTEM32\WINMM.dll
0x000007ff34920000 - 0x000007ff34927000 	C:\Windows\system32\PSAPI.DLL
0x000007ff34940000 - 0x000007ff34998000 	C:\Windows\system32\WS2_32.dll
0x000007ff2fe60000 - 0x000007ff2fe92000 	C:\Windows\SYSTEM32\WINMMBASE.dll
0x000007ff35700000 - 0x000007ff35709000 	C:\Windows\system32\NSI.dll
0x0000000060e30000 - 0x0000000060e3f000 	C:\Program Files\Java\jdk1.7.0_09\jre\bin\verify.dll
0x0000000060e00000 - 0x0000000060e28000 	C:\Program Files\Java\jdk1.7.0_09\jre\bin\java.dll
0x0000000060de0000 - 0x0000000060df5000 	C:\Program Files\Java\jdk1.7.0_09\jre\bin\zip.dll
0x0000000060dc0000 - 0x0000000060dd9000 	C:\Program Files\Java\jdk1.7.0_09\jre\bin\net.dll
0x000007ff33bf0000 - 0x000007ff33c4c000 	C:\Windows\system32\mswsock.dll
0x0000000060da0000 - 0x0000000060db1000 	C:\Program Files\Java\jdk1.7.0_09\jre\bin\nio.dll
0x000007ff33c50000 - 0x000007ff33c6a000 	C:\Windows\SYSTEM32\CRYPTSP.dll
0x000007ff337f0000 - 0x000007ff33839000 	C:\Windows\system32\rsaenh.dll
0x000007ff33980000 - 0x000007ff3399f000 	C:\Windows\SYSTEM32\USERENV.dll
0x000007ff342c0000 - 0x000007ff342d5000 	C:\Windows\SYSTEM32\profapi.dll
0x000007ff341e0000 - 0x000007ff341ea000 	C:\Windows\SYSTEM32\CRYPTBASE.dll
0x000007ff34180000 - 0x000007ff341dc000 	C:\Windows\SYSTEM32\bcryptPrimitives.dll
0x000007ff2a390000 - 0x000007ff2a3a4000 	C:\Windows\system32\napinsp.dll
0x000007ff2a3b0000 - 0x000007ff2a3c8000 	C:\Windows\system32\pnrpnsp.dll
0x000007ff32c60000 - 0x000007ff32c76000 	C:\Windows\system32\NLAapi.dll
0x000007ff33a30000 - 0x000007ff33ac8000 	C:\Windows\SYSTEM32\DNSAPI.dll
0x000007ff2a3f0000 - 0x000007ff2a402000 	C:\Windows\System32\winrnr.dll
0x000007ff2a410000 - 0x000007ff2a424000 	C:\Windows\system32\wshbth.dll
0x0000000062790000 - 0x00000000627b6000 	C:\Program Files\Bonjour\mdnsNSP.dll
0x000007ff30ea0000 - 0x000007ff30ecc000 	C:\Windows\SYSTEM32\Iphlpapi.DLL
0x000007ff30e80000 - 0x000007ff30e8a000 	C:\Windows\SYSTEM32\WINNSI.DLL
0x000007ff2ee10000 - 0x000007ff2ee18000 	C:\Windows\System32\rasadhlp.dll
0x000007ff300b0000 - 0x000007ff3010f000 	C:\Windows\System32\fwpuclnt.dll

VM Arguments:
jvm_args: -Dclassworlds.conf=C:\tools\apache-maven-3.0.4/bin/m2.conf -Dmaven.home=C:\tools\apache-maven-3.0.4 
java_command: org.codehaus.plexus.classworlds.launcher.Launcher clean deploy
Launcher Type: SUN_STANDARD

Environment Variables:
JAVA_HOME=C:\Program Files\Java\jdk1.7.0_09
PATH=C:\cygwin\usr\local\bin;C:\cygwin\bin;C:\oracle\app\product\11.2.0\client_1\bin;C:\Program Files\Java\jdk1.7.0_09\bin;C:\Windows\system32;C:\Windows;C:\Windows\System32\Wbem;C:\Windows\System32\WindowsPowerShell\v1.0;C:\tools\apache-maven-3.0.4\bin;C:\Program Files\TortoiseHg;C:\Program Files\Microsoft\Web Platform Installer;C:\Program Files (x86)\Microsoft ASP.NET\ASP.NET Web Pages\v1.0;C:\Program Files (x86)\Windows Kits\8.0\Windows Performance Toolkit;C:\Program Files\Microsoft SQL Server\110\Tools\Binn;C:\Program Files (x86)\Git\cmd
USERNAME=krasaee
SHELL=/bin/bash
OS=Windows_NT
PROCESSOR_IDENTIFIER=Intel64 Family 6 Model 58 Stepping 9, GenuineIntel



---------------  S Y S T E M  ---------------

OS: Windows 8 , 64 bit Build 9200 

CPU:total 8 (4 cores per cpu, 2 threads per core) family 6 model 58 stepping 9, cmov, cx8, fxsr, mmx, sse, sse2, sse3, ssse3, sse4.1, sse4.2, popcnt, avx, ht, tsc, tscinvbit, tscinv

Memory: 4k page, physical 8293064k(3152852k free), swap 8293064k(5904k free)

vm_info: Java HotSpot(TM) 64-Bit Server VM (23.5-b02) for windows-amd64 JRE (1.7.0_09-b05), built on Sep 24 2012 21:45:04 by "java_re" with unknown MS VC++:1600

time: Tue Dec 04 03:15:42 2012
elapsed time: 3 seconds

